<?xml version="1.0" encoding="utf-8"?><testsuites name="pytest tests"><testsuite name="pytest" errors="0" failures="0" skipped="0" tests="20" time="10.355" timestamp="2026-03-03T05:20:48.916167+00:00" hostname="agent-env-a5df5cea-085c-496b-b28b-c9b969b8d88e"><testcase classname="backend.tests.test_api.TestPublicEndpoints" name="test_api_root" time="0.571" /><testcase classname="backend.tests.test_api.TestPublicEndpoints" name="test_get_stats" time="0.408" /><testcase classname="backend.tests.test_api.TestPublicEndpoints" name="test_get_writeups" time="0.416" /><testcase classname="backend.tests.test_api.TestPublicEndpoints" name="test_get_featured_writeups" time="0.388" /><testcase classname="backend.tests.test_api.TestPublicEndpoints" name="test_get_resources" time="0.520" /><testcase classname="backend.tests.test_api.TestPublicEndpoints" name="test_get_challenge_token" time="0.423" /><testcase classname="backend.tests.test_api.TestAdminAuth" name="test_admin_verify_valid_credentials" time="0.432" /><testcase classname="backend.tests.test_api.TestAdminAuth" name="test_admin_verify_invalid_credentials" time="0.405" /><testcase classname="backend.tests.test_api.TestAdminAuth" name="test_admin_verify_no_credentials" time="0.413" /><testcase classname="backend.tests.test_api.TestAdminResourcesCRUD" name="test_create_resource_requires_auth" time="0.401" /><testcase classname="backend.tests.test_api.TestAdminResourcesCRUD" name="test_create_resource_with_auth" time="0.773" /><testcase classname="backend.tests.test_api.TestAdminResourcesCRUD" name="test_delete_resource_requires_auth" time="0.434" /><testcase classname="backend.tests.test_api.TestAdminResourcesCRUD" name="test_delete_resource_with_auth" time="1.528" /><testcase classname="backend.tests.test_api.TestVoting" name="test_vote_invalid_type" time="0.393" /><testcase classname="backend.tests.test_api.TestVoting" name="test_vote_nonexistent_writeup" time="0.407" /><testcase classname="backend.tests.test_api.TestComments" name="test_comment_requires_challenge_token" time="0.399" /><testcase classname="backend.tests.test_api.TestComments" name="test_comment_with_valid_token_nonexistent_writeup" time="0.764" /><testcase classname="backend.tests.test_api.TestSecurityHeaders" name="test_security_headers_present" time="0.404" /><testcase classname="backend.tests.test_api.TestContactForm" name="test_contact_form_submission" time="0.410" /><testcase classname="backend.tests.test_api.TestContactForm" name="test_contact_form_invalid_email" time="0.414" /></testsuite></testsuites>